2019-02-10 22:30:57.894  INFO 13000 --- [main] com.example.DemoApplication              : Starting DemoApplication on King with PID 13000 (C:\Users\Deloyar\git\DemoCCT\demo\target\classes started by Deloyar in C:\Users\Deloyar\git\DemoCCT\demo)
2019-02-10 22:30:57.897  INFO 13000 --- [main] com.example.DemoApplication              : No active profile set, falling back to default profiles: default
2019-02-10 22:30:58.455  INFO 13000 --- [main] .s.d.r.c.RepositoryConfigurationDelegate : Bootstrapping Spring Data repositories in DEFAULT mode.
2019-02-10 22:30:58.517  INFO 13000 --- [main] .s.d.r.c.RepositoryConfigurationDelegate : Finished Spring Data repository scanning in 56ms. Found 3 repository interfaces.
2019-02-10 22:30:58.802  INFO 13000 --- [main] trationDelegate$BeanPostProcessorChecker : Bean 'org.springframework.transaction.annotation.ProxyTransactionManagementConfiguration' of type [org.springframework.transaction.annotation.ProxyTransactionManagementConfiguration$$EnhancerBySpringCGLIB$$8e31015d] is not eligible for getting processed by all BeanPostProcessors (for example: not eligible for auto-proxying)
2019-02-10 22:30:59.188  INFO 13000 --- [main] o.s.b.w.embedded.tomcat.TomcatWebServer  : Tomcat initialized with port(s): 8080 (http)
2019-02-10 22:30:59.211  INFO 13000 --- [main] o.apache.catalina.core.StandardService   : Starting service [Tomcat]
2019-02-10 22:30:59.211  INFO 13000 --- [main] org.apache.catalina.core.StandardEngine  : Starting Servlet engine: [Apache Tomcat/9.0.14]
2019-02-10 22:30:59.221  INFO 13000 --- [main] o.a.catalina.core.AprLifecycleListener   : The APR based Apache Tomcat Native library which allows optimal performance in production environments was not found on the java.library.path: [C:\Program Files (x86)\Java\jdk1.8.0_181\bin;C:\WINDOWS\Sun\Java\bin;C:\WINDOWS\system32;C:\WINDOWS;C:\Program Files (x86)\Microsoft SQL Server\120\Shared\;C:/Program Files (x86)/Java/jdk1.8.0_181/bin/../jre/bin/client;C:/Program Files (x86)/Java/jdk1.8.0_181/bin/../jre/bin;C:/Program Files (x86)/Java/jdk1.8.0_181/bin/../jre/lib/i386;E:\app\Deloyar\product\11.2.0\client_1;E:\app\Deloyar\product\11.2.0\client_1\bin;C:\Program Files (x86)\Java\jdk1.8.0_181\bin;E:\ATM Gateway\apache-maven-3.0.5\bin;C:\Oracle\bin;C:\Oracle\bin\bin;C:\WINDOWS\system32;C:\WINDOWS;C:\WINDOWS\System32\Wbem;C:\WINDOWS\System32\WindowsPowerShell\v1.0\;C:\Program Files\dotnet\;C:\Program Files\PuTTY\;C:\adb;ORACLE_HOME=C:\Oracle;C:\Users\Deloyar\AppData\Local\Programs\Python\Python37-32;C:\Program Files (x86)\Microsoft SQL Server\Client SDK\ODBC\130\Tools\Binn\;C:\Program Files (x86)\Microsoft SQL Server\140\Tools\Binn\;C:\Program Files (x86)\Microsoft SQL Server\140\DTS\Binn\;C:\Program Files (x86)\Microsoft SQL Server\140\Tools\Binn\ManagementStudio\;C:\apache-maven-3.0.5\bin;C:\Program Files\Microsoft SQL Server\Client SDK\ODBC\130\Tools\Binn\;C:\Program Files\Microsoft SQL Server\140\Tools\Binn\;C:\Program Files\Microsoft SQL Server\140\DTS\Binn\;C:\sqljdbc_4.2.8112.200_enu\sqljdbc_4.2\enu\jre8;C:\WINDOWS\system32;C:\WINDOWS;C:\WINDOWS\System32\Wbem;C:\WINDOWS\System32\WindowsPowerShell\v1.0\;C:\WINDOWS\System32\OpenSSH\;C:\Users\Deloyar\AppData\Local\Julia-1.0.2\bin;C:\Program Files (x86)\Microsoft SQL Server\120\DTS\Binn\;C:\Program Files (x86)\Microsoft SQL Server\Client SDK\ODBC\110\Tools\Binn\;C:\Program Files (x86)\Microsoft SQL Server\120\Tools\Binn\;C:\Program Files (x86)\Microsoft SQL Server\120\Tools\Binn\ManagementStudio\;C:\Users\Deloyar\AppData\Local\Microsoft\WindowsApps;;C:\eclipse-jee-photon-R-win32\eclipse;;.]
2019-02-10 22:30:59.433  INFO 13000 --- [main] org.apache.jasper.servlet.TldScanner     : At least one JAR was scanned for TLDs yet contained no TLDs. Enable debug logging for this logger for a complete list of JARs that were scanned but no TLDs were found in them. Skipping unneeded JARs during scanning can improve startup time and JSP compilation time.
2019-02-10 22:30:59.437  INFO 13000 --- [main] o.a.c.c.C.[Tomcat].[localhost].[/]       : Initializing Spring embedded WebApplicationContext
2019-02-10 22:30:59.437  INFO 13000 --- [main] o.s.web.context.ContextLoader            : Root WebApplicationContext: initialization completed in 1504 ms
2019-02-10 22:30:59.580  INFO 13000 --- [main] com.zaxxer.hikari.HikariDataSource       : HikariPool-1 - Starting...
2019-02-10 22:30:59.713  INFO 13000 --- [main] com.zaxxer.hikari.HikariDataSource       : HikariPool-1 - Start completed.
2019-02-10 22:30:59.781  INFO 13000 --- [main] o.hibernate.jpa.internal.util.LogHelper  : HHH000204: Processing PersistenceUnitInfo [
	name: default
	...]
2019-02-10 22:30:59.845  INFO 13000 --- [main] org.hibernate.Version                    : HHH000412: Hibernate Core {5.3.7.Final}
2019-02-10 22:30:59.847  INFO 13000 --- [main] org.hibernate.cfg.Environment            : HHH000206: hibernate.properties not found
2019-02-10 22:30:59.982  INFO 13000 --- [main] o.hibernate.annotations.common.Version   : HCANN000001: Hibernate Commons Annotations {5.0.4.Final}
2019-02-10 22:31:00.126  INFO 13000 --- [main] org.hibernate.dialect.Dialect            : HHH000400: Using dialect: org.hibernate.dialect.H2Dialect
2019-02-10 22:31:00.837  INFO 13000 --- [main] o.h.t.schema.internal.SchemaCreatorImpl  : HHH000476: Executing import script 'org.hibernate.tool.schema.internal.exec.ScriptSourceInputNonExistentImpl@1bfa972'
2019-02-10 22:31:00.841  INFO 13000 --- [main] j.LocalContainerEntityManagerFactoryBean : Initialized JPA EntityManagerFactory for persistence unit 'default'
2019-02-10 22:31:01.361  INFO 13000 --- [main] o.s.s.concurrent.ThreadPoolTaskExecutor  : Initializing ExecutorService 'applicationTaskExecutor'
2019-02-10 22:31:01.408  WARN 13000 --- [main] aWebConfiguration$JpaWebMvcConfiguration : spring.jpa.open-in-view is enabled by default. Therefore, database queries may be performed during view rendering. Explicitly configure spring.jpa.open-in-view to disable this warning
2019-02-10 22:31:01.606  INFO 13000 --- [main] o.s.b.w.embedded.tomcat.TomcatWebServer  : Tomcat started on port(s): 8080 (http) with context path ''
2019-02-10 22:31:01.609  INFO 13000 --- [main] com.example.DemoApplication              : Started DemoApplication in 4.065 seconds (JVM running for 4.351)
